Started GET "/" for ::1 at 2026-05-28 17:54:33 -0300
  [1m[35m (2.9ms)[0m  [1m[35mCREATE TABLE "schema_migrations" ("version" varchar NOT NULL PRIMARY KEY) /*application='CadastroUsuarios'*/[0m
  [1m[35m (0.1ms)[0m  [1m[35mCREATE TABLE "ar_internal_metadata" ("key" varchar NOT NULL PRIMARY KEY, "value" varchar, "created_at" datetime(6) NOT NULL, "updated_at" datetime(6) NOT NULL) /*application='CadastroUsuarios'*/[0m
  [1m[36mActiveRecord::SchemaMigration Load (0.2ms)[0m  [1m[34mSELECT "schema_migrations"."version" FROM "schema_migrations" ORDER BY "schema_migrations"."version" ASC /*application='CadastroUsuarios'*/[0m
Processing by UsersController#new as HTML
  Rendering layout layouts/application.html.erb
  Rendering users/new.html.erb within layouts/application
  Rendered users/new.html.erb within layouts/application (Duration: 2.6ms | GC: 0.0ms)
  Rendered layout layouts/application.html.erb (Duration: 57.6ms | GC: 0.0ms)
Completed 200 OK in 147ms (Views: 70.7ms | ActiveRecord: 0.0ms (0 queries, 0 cached) | GC: 0.0ms)


Started GET "/" for ::1 at 2026-05-28 17:55:09 -0300
Processing by UsersController#new as HTML
  Rendering layout layouts/application.html.erb
  Rendering users/new.html.erb within layouts/application
  Rendered users/new.html.erb within layouts/application (Duration: 15.5ms | GC: 0.0ms)
  Rendered layout layouts/application.html.erb (Duration: 18.9ms | GC: 0.0ms)
Completed 200 OK in 27ms (Views: 21.9ms | ActiveRecord: 0.0ms (0 queries, 0 cached) | GC: 0.0ms)


Started POST "/confirmation" for ::1 at 2026-05-28 17:55:14 -0300
Processing by UsersController#create as TURBO_STREAM
  Parameters: {"authenticity_token"=>"[FILTERED]", "nome"=>"123", "senha"=>"123", "email"=>"[FILTERED]", "commit"=>"Add User"}
  Rendering layout layouts/application.html.erb
  Rendering users/confirm.html.erb within layouts/application
  Rendered users/confirm.html.erb within layouts/application (Duration: 0.3ms | GC: 0.0ms)
  Rendered layout layouts/application.html.erb (Duration: 0.8ms | GC: 0.0ms)
Completed 200 OK in 6ms (Views: 1.9ms | ActiveRecord: 0.0ms (0 queries, 0 cached) | GC: 0.0ms)


Started POST "/confirmation" for ::1 at 2026-05-28 17:56:42 -0300
Processing by UsersController#create as TURBO_STREAM
  Parameters: {"authenticity_token"=>"[FILTERED]", "nome"=>"123", "senha"=>"123", "email"=>"[FILTERED]", "commit"=>"Add User"}
  Rendering layout layouts/application.html.erb
  Rendering users/confirm.html.erb within layouts/application
  Rendered users/confirm.html.erb within layouts/application (Duration: 3.6ms | GC: 0.0ms)
  Rendered layout layouts/application.html.erb (Duration: 3.9ms | GC: 0.0ms)
Completed 500 Internal Server Error in 12ms (ActiveRecord: 0.0ms (0 queries, 0 cached) | GC: 0.0ms)


  
ActionView::Template::Error (undefined local variable or method `senha' for #<ActionView::Base:0x00000000014dc0>)
Caused by: NameError (undefined local variable or method `senha' for #<ActionView::Base:0x00000000014dc0>)

Information for: ActionView::Template::Error (undefined local variable or method `senha' for #<ActionView::Base:0x00000000014dc0>):
    1: Nome: <%= @nome %>
    2: E-mail: <%= @email %>
    3: Senha: <%= senha%>
  
app/views/users/confirm.html.erb:4
app/controllers/users_controller.rb:8:in `create'

Information for cause: NameError (undefined local variable or method `senha' for #<ActionView::Base:0x00000000014dc0>):
  
app/views/users/confirm.html.erb:4
app/controllers/users_controller.rb:8:in `create'
Started GET "/" for ::1 at 2026-05-28 17:56:47 -0300
Processing by UsersController#new as HTML
  Rendering layout layouts/application.html.erb
  Rendering users/new.html.erb within layouts/application
  Rendered users/new.html.erb within layouts/application (Duration: 1.0ms | GC: 0.0ms)
  Rendered layout layouts/application.html.erb (Duration: 3.8ms | GC: 0.0ms)
Completed 200 OK in 11ms (Views: 6.8ms | ActiveRecord: 0.0ms (0 queries, 0 cached) | GC: 0.0ms)


Started POST "/confirmation" for ::1 at 2026-05-28 17:56:52 -0300
Processing by UsersController#create as TURBO_STREAM
  Parameters: {"authenticity_token"=>"[FILTERED]", "nome"=>"123", "senha"=>"zafasdfga", "email"=>"[FILTERED]", "commit"=>"Add User"}
  Rendering layout layouts/application.html.erb
  Rendering users/confirm.html.erb within layouts/application
  Rendered users/confirm.html.erb within layouts/application (Duration: 0.3ms | GC: 0.0ms)
  Rendered layout layouts/application.html.erb (Duration: 3.1ms | GC: 0.0ms)
Completed 200 OK in 9ms (Views: 4.5ms | ActiveRecord: 0.0ms (0 queries, 0 cached) | GC: 0.0ms)


Started GET "/confirm" for ::1 at 2026-05-28 17:56:55 -0300
  
ActionController::RoutingError (No route matches [GET] "/confirm"):
  
Started POST "/confirmation" for ::1 at 2026-05-28 17:58:04 -0300
Processing by UsersController#create as TURBO_STREAM
  Parameters: {"authenticity_token"=>"[FILTERED]", "nome"=>"123", "senha"=>"zafasdfga", "email"=>"[FILTERED]", "commit"=>"Add User"}
  Rendering layout layouts/application.html.erb
  Rendering users/confirm.html.erb within layouts/application
  Rendered users/confirm.html.erb within layouts/application (Duration: 0.5ms | GC: 0.0ms)
  Rendered layout layouts/application.html.erb (Duration: 3.3ms | GC: 0.0ms)
Completed 200 OK in 11ms (Views: 7.3ms | ActiveRecord: 0.0ms (0 queries, 0 cached) | GC: 0.0ms)


Started POST "/confirmation" for ::1 at 2026-05-28 17:58:05 -0300
Processing by UsersController#create as TURBO_STREAM
  Parameters: {"authenticity_token"=>"[FILTERED]", "nome"=>"123", "senha"=>"zafasdfga", "email"=>"[FILTERED]", "commit"=>"Add User"}
  Rendering layout layouts/application.html.erb
  Rendering users/confirm.html.erb within layouts/application
  Rendered users/confirm.html.erb within layouts/application (Duration: 0.0ms | GC: 0.0ms)
  Rendered layout layouts/application.html.erb (Duration: 0.6ms | GC: 0.0ms)
Completed 200 OK in 5ms (Views: 1.0ms | ActiveRecord: 0.0ms (0 queries, 0 cached) | GC: 0.0ms)


Started GET "/" for 127.0.0.1 at 2026-05-28 18:01:50 -0300
  [1m[36mActiveRecord::SchemaMigration Load (0.1ms)[0m  [1m[34mSELECT "schema_migrations"."version" FROM "schema_migrations" ORDER BY "schema_migrations"."version" ASC /*application='CadastroUsuarios'*/[0m
Processing by UsersController#new as HTML
  Rendering layout layouts/application.html.erb
  Rendering users/new.html.erb within layouts/application
  Rendered users/new.html.erb within layouts/application (Duration: 1.6ms | GC: 0.0ms)
  Rendered layout layouts/application.html.erb (Duration: 10.9ms | GC: 0.0ms)
Completed 200 OK in 44ms (Views: 16.9ms | ActiveRecord: 0.0ms (0 queries, 0 cached) | GC: 0.0ms)


Started POST "/confirmation" for 127.0.0.1 at 2026-05-28 18:06:34 -0300
Processing by UsersController#create as TURBO_STREAM
  Parameters: {"authenticity_token"=>"[FILTERED]", "nome"=>"123", "senha"=>"adadfadf", "email"=>"[FILTERED]", "commit"=>"Add User"}
  Rendering layout layouts/application.html.erb
  Rendering users/confirm.html.erb within layouts/application
  Rendered users/confirm.html.erb within layouts/application (Duration: 0.4ms | GC: 0.0ms)
  Rendered layout layouts/application.html.erb (Duration: 4.4ms | GC: 0.0ms)
Completed 200 OK in 22ms (Views: 8.0ms | ActiveRecord: 0.0ms (0 queries, 0 cached) | GC: 0.0ms)


Started POST "/confirmation" for 127.0.0.1 at 2026-05-28 18:06:35 -0300
Processing by UsersController#create as TURBO_STREAM
  Parameters: {"authenticity_token"=>"[FILTERED]", "nome"=>"123", "senha"=>"adadfadf", "email"=>"[FILTERED]", "commit"=>"Add User"}
  Rendering layout layouts/application.html.erb
  Rendering users/confirm.html.erb within layouts/application
  Rendered users/confirm.html.erb within layouts/application (Duration: 0.0ms | GC: 0.0ms)
  Rendered layout layouts/application.html.erb (Duration: 0.6ms | GC: 0.0ms)
Completed 200 OK in 5ms (Views: 1.0ms | ActiveRecord: 0.0ms (0 queries, 0 cached) | GC: 0.0ms)


Started POST "/confirmation" for 127.0.0.1 at 2026-05-28 18:06:36 -0300
Processing by UsersController#create as TURBO_STREAM
  Parameters: {"authenticity_token"=>"[FILTERED]", "nome"=>"123", "senha"=>"adadfadf", "email"=>"[FILTERED]", "commit"=>"Add User"}
  Rendering layout layouts/application.html.erb
  Rendering users/confirm.html.erb within layouts/application
  Rendered users/confirm.html.erb within layouts/application (Duration: 0.0ms | GC: 0.0ms)
  Rendered layout layouts/application.html.erb (Duration: 0.6ms | GC: 0.0ms)
Completed 200 OK in 5ms (Views: 1.0ms | ActiveRecord: 0.0ms (0 queries, 0 cached) | GC: 0.0ms)


Started POST "/confirmation" for 127.0.0.1 at 2026-05-28 18:06:36 -0300
Processing by UsersController#create as TURBO_STREAM
  Parameters: {"authenticity_token"=>"[FILTERED]", "nome"=>"123", "senha"=>"adadfadf", "email"=>"[FILTERED]", "commit"=>"Add User"}
  Rendering layout layouts/application.html.erb
  Rendering users/confirm.html.erb within layouts/application
  Rendered users/confirm.html.erb within layouts/application (Duration: 0.0ms | GC: 0.0ms)
  Rendered layout layouts/application.html.erb (Duration: 0.6ms | GC: 0.0ms)
Completed 200 OK in 5ms (Views: 1.0ms | ActiveRecord: 0.0ms (0 queries, 0 cached) | GC: 0.0ms)


Started POST "/confirmation" for 127.0.0.1 at 2026-05-28 18:07:19 -0300
Processing by UsersController#create as TURBO_STREAM
  Parameters: {"authenticity_token"=>"[FILTERED]", "nome"=>"123", "senha"=>"adadfadf", "email"=>"[FILTERED]", "commit"=>"Add User"}
  Rendering layout layouts/application.html.erb
  Rendering users/confirm.html.erb within layouts/application
  Rendered users/confirm.html.erb within layouts/application (Duration: 0.3ms | GC: 0.0ms)
  Rendered layout layouts/application.html.erb (Duration: 3.2ms | GC: 0.0ms)
Completed 200 OK in 11ms (Views: 7.1ms | ActiveRecord: 0.0ms (0 queries, 0 cached) | GC: 0.0ms)


