Started GET "/" for 127.0.0.1 at 2026-05-28 10:34:51 -0300
Processing by Rails::WelcomeController#index as HTML
  Rendering C:/Ruby32-x64/lib/ruby/gems/3.2.0/gems/railties-8.1.3/lib/rails/templates/rails/welcome/index.html.erb
  Rendered C:/Ruby32-x64/lib/ruby/gems/3.2.0/gems/railties-8.1.3/lib/rails/templates/rails/welcome/index.html.erb (Duration: 0.5ms | GC: 0.0ms)
Completed 200 OK in 107ms (Views: 27.0ms | GC: 0.0ms)


Started GET "/simple" for 127.0.0.1 at 2026-05-28 10:34:55 -0300
Processing by SimpleController#hello as HTML
Completed 200 OK in 151ms (Views: 0.2ms | GC: 0.0ms)


Started GET "/favicon.ico" for 127.0.0.1 at 2026-05-28 10:34:55 -0300
  
ActionController::RoutingError (No route matches [GET] "/favicon.ico"):
  
Started GET "/simple/hello" for 127.0.0.1 at 2026-05-28 10:36:19 -0300
Processing by SimpleController#hello as JSON
Completed 200 OK in 3ms (Views: 0.1ms | GC: 0.0ms)


Started GET "/user/show/5" for 127.0.0.1 at 2026-05-28 11:01:14 -0300
  
TypeError (superclass must be an instance of Class (given an instance of Symbol)):
  
app/controllers/user_controller.rb:7:in `<main>'
Started GET "/user/show/5" for 127.0.0.1 at 2026-05-28 11:02:21 -0300
Processing by UserController#show as JSON
  Parameters: {"id"=>"5"}
Completed 200 OK in 128ms (Views: 0.1ms | GC: 0.0ms)


